<?xml version="1.0" encoding="utf-8"?><testsuites name="pytest tests"><testsuite name="pytest" errors="0" failures="0" skipped="0" tests="7" time="25.784" timestamp="2026-04-27T20:07:48.925226+00:00" hostname="agent-env-b6c1f3b0-68c9-4013-83ea-6a300e4e1eba"><testcase classname="backend.tests.test_audit_chat.TestAuditChatBasic" name="test_audit_chat_first_turn_no_history" time="3.497" /><testcase classname="backend.tests.test_audit_chat.TestAuditChatBasic" name="test_audit_chat_empty_message_422" time="0.133" /><testcase classname="backend.tests.test_audit_chat.TestAuditChatBasic" name="test_audit_chat_missing_message_422" time="0.183" /><testcase classname="backend.tests.test_audit_chat.TestAuditChatMultiTurn" name="test_audit_chat_multi_turn_continues" time="2.296" /><testcase classname="backend.tests.test_audit_chat.TestAuditChatEmailCapture" name="test_audit_chat_email_capture_creates_lead" time="9.037" /><testcase classname="backend.tests.test_audit_chat.TestAuditChatEmailCapture" name="test_audit_chat_persists_session" time="10.424" /><testcase classname="backend.tests.test_audit_chat.TestRegressionRoot" name="test_root_still_ok" time="0.140" /></testsuite></testsuites>