<?xml version="1.0" encoding="utf-8"?><testsuites name="pytest tests"><testsuite name="pytest" errors="0" failures="0" skipped="0" tests="11" time="2.052" timestamp="2026-04-27T18:42:09.270540+00:00" hostname="agent-env-b6c1f3b0-68c9-4013-83ea-6a300e4e1eba"><testcase classname="backend.tests.test_leads_api.TestRoot" name="test_root_returns_message_and_status" time="0.255" /><testcase classname="backend.tests.test_leads_api.TestLeadsCreate" name="test_create_lead_valid" time="0.205" /><testcase classname="backend.tests.test_leads_api.TestLeadsCreate" name="test_create_lead_invalid_email" time="0.172" /><testcase classname="backend.tests.test_leads_api.TestLeadsCreate" name="test_create_lead_invalid_lead_type" time="0.184" /><testcase classname="backend.tests.test_leads_api.TestLeadsCreate" name="test_create_lead_missing_name" time="0.112" /><testcase classname="backend.tests.test_leads_api.TestLeadsCreate" name="test_create_lead_missing_email" time="0.152" /><testcase classname="backend.tests.test_leads_api.TestLeadsCreate" name="test_create_lead_allowed_types[audit]" time="0.134" /><testcase classname="backend.tests.test_leads_api.TestLeadsCreate" name="test_create_lead_allowed_types[call]" time="0.155" /><testcase classname="backend.tests.test_leads_api.TestLeadsCreate" name="test_create_lead_allowed_types[demo]" time="0.109" /><testcase classname="backend.tests.test_leads_api.TestLeadsCreate" name="test_create_lead_allowed_types[contact]" time="0.191" /><testcase classname="backend.tests.test_leads_api.TestLeadsList" name="test_list_leads_no_id_leak_and_sorted" time="0.261" /></testsuite></testsuites>