<?xml version="1.0" encoding="utf-8"?><testsuites name="pytest tests"><testsuite name="pytest" errors="0" failures="0" skipped="0" tests="13" time="2.025" timestamp="2026-04-27T20:08:19.676318+00:00" hostname="agent-env-b6c1f3b0-68c9-4013-83ea-6a300e4e1eba"><testcase classname="backend.tests.test_leads_api.TestRoot" name="test_root_returns_message_and_status" time="0.142" /><testcase classname="backend.tests.test_leads_api.TestLeadsCreate" name="test_create_lead_valid" time="0.154" /><testcase classname="backend.tests.test_leads_api.TestLeadsCreate" name="test_create_lead_invalid_email" time="0.173" /><testcase classname="backend.tests.test_leads_api.TestLeadsCreate" name="test_create_lead_invalid_lead_type" time="0.113" /><testcase classname="backend.tests.test_leads_api.TestLeadsCreate" name="test_create_lead_missing_name" time="0.143" /><testcase classname="backend.tests.test_leads_api.TestLeadsCreate" name="test_create_lead_missing_email" time="0.122" /><testcase classname="backend.tests.test_leads_api.TestLeadsCreate" name="test_create_lead_allowed_types[audit]" time="0.134" /><testcase classname="backend.tests.test_leads_api.TestLeadsCreate" name="test_create_lead_allowed_types[call]" time="0.226" /><testcase classname="backend.tests.test_leads_api.TestLeadsCreate" name="test_create_lead_allowed_types[demo]" time="0.117" /><testcase classname="backend.tests.test_leads_api.TestLeadsCreate" name="test_create_lead_allowed_types[contact]" time="0.102" /><testcase classname="backend.tests.test_leads_api.TestLeadsBackgroundEmail" name="test_create_lead_response_is_fast" time="0.222" /><testcase classname="backend.tests.test_leads_api.TestLeadsBackgroundEmail" name="test_create_lead_call_type_with_booking_modal_source" time="0.113" /><testcase classname="backend.tests.test_leads_api.TestLeadsList" name="test_list_leads_no_id_leak_and_sorted" time="0.193" /></testsuite></testsuites>